C:\Program Files (x86)\Microsoft Visual Studio\2019\Community\MSBuild\Microsoft\VC\v160\Microsoft.CppBuild.targets(513,5): warning MSB8028: The intermediate directory (C:\Users\Admin\source\repos\Car Select Game\.tmp\Release-x64\) contains files shared from another project (CProject.vcxproj).  This can lead to incorrect clean and rebuild behavior.
  mainmenu.c
C:\Users\Admin\source\repos\Car Select Game\Src\mainmenu.c(44,41): warning C4244: 'function': conversion from 'int' to 'float', possible loss of data
C:\Users\Admin\source\repos\Car Select Game\Src\mainmenu.c(44,61): warning C4244: 'function': conversion from 'int' to 'float', possible loss of data
C:\Users\Admin\source\repos\Car Select Game\Src\mainmenu.c(44,73): warning C4244: 'function': conversion from 'int' to 'float', possible loss of data
C:\Users\Admin\source\repos\Car Select Game\Src\mainmenu.c(44,86): warning C4244: 'function': conversion from 'int' to 'float', possible loss of data
C:\Users\Admin\source\repos\Car Select Game\Src\mainmenu.c(45,38): warning C4244: 'function': conversion from 'int' to 'float', possible loss of data
C:\Users\Admin\source\repos\Car Select Game\Src\mainmenu.c(45,58): warning C4244: 'function': conversion from 'int' to 'float', possible loss of data
C:\Users\Admin\source\repos\Car Select Game\Src\mainmenu.c(45,70): warning C4244: 'function': conversion from 'int' to 'float', possible loss of data
C:\Users\Admin\source\repos\Car Select Game\Src\mainmenu.c(45,83): warning C4244: 'function': conversion from 'int' to 'float', possible loss of data
C:\Users\Admin\source\repos\Car Select Game\Src\mainmenu.c(51,41): warning C4244: 'function': conversion from 'int' to 'float', possible loss of data
C:\Users\Admin\source\repos\Car Select Game\Src\mainmenu.c(51,61): warning C4244: 'function': conversion from 'int' to 'float', possible loss of data
C:\Users\Admin\source\repos\Car Select Game\Src\mainmenu.c(51,73): warning C4244: 'function': conversion from 'int' to 'float', possible loss of data
C:\Users\Admin\source\repos\Car Select Game\Src\mainmenu.c(51,86): warning C4244: 'function': conversion from 'int' to 'float', possible loss of data
C:\Users\Admin\source\repos\Car Select Game\Src\mainmenu.c(54,38): warning C4244: 'function': conversion from 'int' to 'float', possible loss of data
C:\Users\Admin\source\repos\Car Select Game\Src\mainmenu.c(54,58): warning C4244: 'function': conversion from 'int' to 'float', possible loss of data
C:\Users\Admin\source\repos\Car Select Game\Src\mainmenu.c(54,70): warning C4244: 'function': conversion from 'int' to 'float', possible loss of data
C:\Users\Admin\source\repos\Car Select Game\Src\mainmenu.c(54,83): warning C4244: 'function': conversion from 'int' to 'float', possible loss of data
C:\Users\Admin\source\repos\Car Select Game\Src\mainmenu.c(63,45): warning C4244: 'function': conversion from 'int' to 'float', possible loss of data
C:\Users\Admin\source\repos\Car Select Game\Src\mainmenu.c(63,65): warning C4244: 'function': conversion from 'int' to 'float', possible loss of data
C:\Users\Admin\source\repos\Car Select Game\Src\mainmenu.c(64,45): warning C4244: 'function': conversion from 'int' to 'float', possible loss of data
C:\Users\Admin\source\repos\Car Select Game\Src\mainmenu.c(64,65): warning C4244: 'function': conversion from 'int' to 'float', possible loss of data
  Generating code
  0 of 10 functions ( 0.0%) were compiled, the rest were copied from previous compilation.
    0 functions were new in current compilation
    0 functions had inline decision re-evaluated but remain unchanged
  Finished generating code
  Car Select Game.vcxproj -> C:\Users\Admin\source\repos\Car Select Game\bin\Release-x64\Car Select Game.exe
  1 File(s) copied
  1 File(s) copied
  2 File(s) copied
