  ben.c
  credits.c
  katlong.c
  deathscreen.c
  game.c
  leaderboard.c
  main.c
  mainmenu.c
C:\Users\user\Documents\GitHub\GAM100\Src\mainmenu.c(93,1): warning C4244: 'initializing': conversion from 'float' to 'int', possible loss of data
  shaqeel.c
  tutorial.c
  zhiyu.c
  Generating code
C:\Users\user\Documents\GitHub\GAM100\Src\katlong.c(56): warning C4715: 'sort_leaderboard': not all control paths return a value
C:\Users\user\Documents\GitHub\GAM100\Src\katlong.c(45): warning C4716: 'write_leaderboard': must return a value
  37 of 39 functions (94.9%) were compiled, the rest were copied from previous compilation.
    4 functions were new in current compilation
    0 functions had inline decision re-evaluated but remain unchanged
  Finished generating code
  GAM100.vcxproj -> C:\Users\user\Documents\GitHub\GAM100\bin\Release-x64\GAM100.exe
  1 File(s) copied
  1 File(s) copied
  46 File(s) copied
