c:\users\admin\source\repos\gam100\gam100\debug\vc142.pdb
c:\users\admin\source\repos\gam100\gam100\debug\vc142.idb
c:\users\admin\source\repos\gam100\gam100\debug\main.obj
c:\users\admin\source\repos\gam100\gam100\debug\game.obj
c:\users\user\desktop\gam100\gam100\debug\vc142.pdb
c:\users\user\desktop\gam100\gam100\debug\vc142.idb
c:\users\user\desktop\gam100\gam100\debug\mainmenu.obj
c:\users\user\desktop\gam100\gam100\debug\main.obj
c:\users\user\desktop\gam100\gam100\debug\game.obj
c:\users\user\desktop\gam100\gam100\debug\gam100.pdb
c:\users\user\desktop\gam100\gam100\debug\gam100.tlog\cl.command.1.tlog
c:\users\user\desktop\gam100\gam100\debug\gam100.tlog\cl.read.1.tlog
c:\users\user\desktop\gam100\gam100\debug\gam100.tlog\cl.write.1.tlog
c:\users\user\desktop\gam100\gam100\debug\gam100.tlog\link-cvtres.read.1.tlog
c:\users\user\desktop\gam100\gam100\debug\gam100.tlog\link-cvtres.write.1.tlog
c:\users\user\desktop\gam100\gam100\debug\gam100.tlog\link-rc.read.1.tlog
c:\users\user\desktop\gam100\gam100\debug\gam100.tlog\link-rc.write.1.tlog
c:\users\user\desktop\gam100\gam100\debug\gam100.tlog\link.command.1.tlog
c:\users\user\desktop\gam100\gam100\debug\gam100.tlog\link.read.1.tlog
c:\users\user\desktop\gam100\gam100\debug\gam100.tlog\link.write.1.tlog
